<?xml version="1.0" encoding="UTF-8"?>
<!-- Generated by org.testng.reporters.JUnitReportReporter -->
<testsuite hostname="Vaishking" failures="0" tests="2" name="QAVaidehi.RestAPI" time="0.018" errors="0" timestamp="08 Jun 2022 13:56:39 GMT" skipped="0">
  <testcase classname="QAVaidehi.RestAPI" name="RestAPI2" time="0.003"/>
  <testcase classname="QAVaidehi.RestAPI" name="RestAPI1" time="0.015"/>
</testsuite> <!-- QAVaidehi.RestAPI -->
