<?xml version="1.0" encoding="UTF-8"?>
<!-- Generated by org.testng.reporters.JUnitReportReporter -->
<testsuite hostname="Vaishking" failures="0" tests="2" name="QAVaidehi.TestAppium" time="0.004" errors="0" timestamp="14 Jun 2022 14:00:40 GMT" skipped="0">
  <testcase classname="QAVaidehi.TestAppium" name="Appium1" time="0.002"/>
  <testcase classname="QAVaidehi.TestAppium" name="Appium2" time="0.002"/>
</testsuite> <!-- QAVaidehi.TestAppium -->
