<?xml version="1.0" encoding="UTF-8"?>
<!-- Generated by org.testng.reporters.JUnitReportReporter -->
<testsuite hostname="Vaishking" failures="0" tests="1" name="QAVaidehi.SeleniumTest" time="0.013" errors="0" timestamp="14 Jun 2022 14:02:01 GMT" skipped="0">
  <testcase classname="QAVaidehi.SeleniumTest" name="Appium1" time="0.013"/>
</testsuite> <!-- QAVaidehi.SeleniumTest -->
