<?xml version="1.0" encoding="UTF-8"?>
<!-- Generated by org.testng.reporters.JUnitReportReporter -->
<testsuite hostname="Vaishking" failures="0" tests="2" name="QAVaidehi.SeleniumTest" time="0.015" errors="0" timestamp="2022-06-08T20:21:45 IST" skipped="0">
  <testcase classname="QAVaidehi.SeleniumTest" name="Appium2" time="0.000"/>
  <system-out/>
  <testcase classname="QAVaidehi.SeleniumTest" name="Appium1" time="0.015"/>
  <system-out/>
</testsuite> <!-- QAVaidehi.SeleniumTest -->
