<?xml version="1.0" encoding="UTF-8"?>
<!-- Generated by org.testng.reporters.JUnitReportReporter -->
<testsuite hostname="Vaishking" failures="0" tests="2" name="QAVaidehi.TestAppium" time="0.008" errors="0" timestamp="2022-06-08T20:09:39 IST" skipped="0">
  <testcase classname="QAVaidehi.TestAppium" name="Appium1" time="0.008"/>
  <system-out/>
  <testcase classname="QAVaidehi.TestAppium" name="Appium2" time="0.000"/>
  <system-out/>
</testsuite> <!-- QAVaidehi.TestAppium -->
